<resultados>
	<mundos>
		<mundo nombre="mundo_0">
			<linea fila="17" compresionDeCeros="true">(1) 145 146 147 148 149 150 151 152 153 </linea>
			<linea fila="16" compresionDeCeros="true">(1) 136 137 138 139 140 141 142 143 144 </linea>
			<linea fila="15" compresionDeCeros="true">(1) 127 128 129 130 131 132 133 134 135 </linea>
			<linea fila="14" compresionDeCeros="true">(1) 118 119 120 121 122 123 124 125 126 </linea>
			<linea fila="13" compresionDeCeros="true">(1) 109 110 111 112 113 114 115 116 117 </linea>
			<linea fila="12" compresionDeCeros="true">(1) 100 101 102 103 104 105 106 107 108 </linea>
			<linea fila="11" compresionDeCeros="true">(1) 91 92 93 94 95 96 97 98 99 </linea>
			<linea fila="10" compresionDeCeros="true">(1) 82 83 84 85 86 87 88 89 90 </linea>
			<linea fila="9" compresionDeCeros="true">(1) 73 74 75 76 77 78 79 80 81 </linea>
			<linea fila="8" compresionDeCeros="true">(1) 64 65 66 67 68 69 70 71 72 </linea>
			<linea fila="7" compresionDeCeros="true">(1) 55 56 57 58 59 60 61 62 63 </linea>
			<linea fila="6" compresionDeCeros="true">(1) 46 47 48 49 50 51 52 53 54 </linea>
			<linea fila="5" compresionDeCeros="true">(1) 37 38 39 40 41 42 43 44 45 </linea>
			<linea fila="4" compresionDeCeros="true">(1) 28 29 30 31 32 33 34 35 36 </linea>
			<linea fila="3" compresionDeCeros="true">(1) 19 20 21 22 23 24 25 26 27 </linea>
			<linea fila="2" compresionDeCeros="true">(1) 10 11 12 13 14 15 16 17 18 </linea>
			<linea fila="1" compresionDeCeros="true">(1) 1 2 3 4 5 6 7 8 9 </linea>
		</mundo>
	</mundos>
	<programas>
		<programa nombre="p1" resultadoEjecucion="FIN PROGRAMA"/>
	</programas>
</resultados>

