<resultados>
	<mundos>
		<mundo nombre="mundo_0">
			<linea fila="31" compresionDeCeros="true">(1) 301 302 303 304 305 306 307 308 309 310 </linea>
			<linea fila="30" compresionDeCeros="true">(1) 291 292 293 294 295 296 297 298 299 300 </linea>
			<linea fila="29" compresionDeCeros="true">(1) 281 282 283 284 285 286 287 288 289 290 </linea>
			<linea fila="28" compresionDeCeros="true">(1) 271 272 273 274 275 276 277 278 279 280 </linea>
			<linea fila="27" compresionDeCeros="true">(1) 261 262 263 264 265 266 267 268 269 270 </linea>
			<linea fila="26" compresionDeCeros="true">(1) 251 252 253 254 255 256 257 258 259 260 </linea>
			<linea fila="25" compresionDeCeros="true">(1) 241 242 243 244 245 246 247 248 249 250 </linea>
			<linea fila="24" compresionDeCeros="true">(1) 231 232 233 234 235 236 237 238 239 240 </linea>
			<linea fila="23" compresionDeCeros="true">(1) 221 222 223 224 225 226 227 228 229 230 </linea>
			<linea fila="22" compresionDeCeros="true">(1) 211 212 213 214 215 216 217 218 219 220 </linea>
			<linea fila="21" compresionDeCeros="true">(1) 201 202 203 204 205 206 207 208 209 210 </linea>
			<linea fila="20" compresionDeCeros="true">(1) 191 192 193 194 195 196 197 198 199 200 </linea>
			<linea fila="19" compresionDeCeros="true">(1) 181 182 183 184 185 186 187 188 189 190 </linea>
			<linea fila="18" compresionDeCeros="true">(1) 171 172 173 174 175 176 177 178 179 180 </linea>
			<linea fila="17" compresionDeCeros="true">(1) 161 162 163 164 165 166 167 168 169 170 </linea>
			<linea fila="16" compresionDeCeros="true">(1) 151 152 153 154 155 156 157 158 159 160 </linea>
			<linea fila="15" compresionDeCeros="true">(1) 141 142 143 144 145 146 147 148 149 150 </linea>
			<linea fila="14" compresionDeCeros="true">(1) 131 132 133 134 135 136 137 138 139 140 </linea>
			<linea fila="13" compresionDeCeros="true">(1) 121 122 123 124 125 126 127 128 129 130 </linea>
			<linea fila="12" compresionDeCeros="true">(1) 111 112 113 114 115 116 117 118 119 120 </linea>
			<linea fila="11" compresionDeCeros="true">(1) 101 102 103 104 105 106 107 108 109 110 </linea>
			<linea fila="10" compresionDeCeros="true">(1) 91 92 93 94 95 96 97 98 99 100 </linea>
			<linea fila="9" compresionDeCeros="true">(1) 81 82 83 84 85 86 87 88 89 90 </linea>
			<linea fila="8" compresionDeCeros="true">(1) 71 72 73 74 75 76 77 78 79 80 </linea>
			<linea fila="7" compresionDeCeros="true">(1) 61 62 63 64 65 66 67 68 69 70 </linea>
			<linea fila="6" compresionDeCeros="true">(1) 51 52 53 54 55 56 57 58 59 60 </linea>
			<linea fila="5" compresionDeCeros="true">(1) 41 42 43 44 45 46 47 48 49 50 </linea>
			<linea fila="4" compresionDeCeros="true">(1) 31 32 33 34 35 36 37 38 39 40 </linea>
			<linea fila="3" compresionDeCeros="true">(1) 21 22 23 24 25 26 27 28 29 30 </linea>
			<linea fila="2" compresionDeCeros="true">(1) 11 12 13 14 15 16 17 18 19 20 </linea>
			<linea fila="1" compresionDeCeros="true">(1) 1 2 3 4 5 6 7 8 9 10 </linea>
		</mundo>
	</mundos>
	<programas>
		<programa nombre="p1" resultadoEjecucion="FIN PROGRAMA"/>
	</programas>
</resultados>

