<resultados>
	<mundos>
		<mundo nombre="mundo_0">
			<linea fila="11" compresionDeCeros="true">(1) 21 1 3 1 3 1 1 7 1 1 7 3 </linea>
			<linea fila="10" compresionDeCeros="true">(1) 9 1 3 1 3 1 1 1 1 1 1 3 </linea>
			<linea fila="9" compresionDeCeros="true">(1) 8 2 8 1 1 1 1 1 1 1 1 2 </linea>
			<linea fila="8" compresionDeCeros="true">(1) 7 1 1 1 1 1 1 7 1 1 7 1 </linea>
			<linea fila="7" compresionDeCeros="true">(1) 6 2 6 1 3 1 1 1 1 1 1 6 </linea>
			<linea fila="6" compresionDeCeros="true">(1) 5 1 1 1 1 5 1 1 1 5 1 5 </linea>
			<linea fila="5" compresionDeCeros="true">(1) 4 2 4 1 1 1 1 1 1 1 1 2 </linea>
			<linea fila="4" compresionDeCeros="true">(1) 3 1 3 1 3 1 1 1 1 1 1 3 </linea>
			<linea fila="3" compresionDeCeros="true">(1) 2 2 2 1 1 1 1 1 1 1 1 2 </linea>
			<linea fila="2" compresionDeCeros="true">(1) 1 1 1 1 1 1 1 1 1 1 1 1 </linea>
			<linea fila="1" compresionDeCeros="true">(2) 22 96 11 57 25 71 91 23 95 49 30 </linea>
		</mundo>
	</mundos>
	<programas>
		<programa nombre="p1" resultadoEjecucion="FIN PROGRAMA"/>
	</programas>
</resultados>

