<resultados>
	<mundos>
		<mundo nombre="mundo_0">
			<linea fila="50" compresionDeCeros="true">(1) 65 1 1 1 1 1 1 1 1 1 </linea>
			<linea fila="49" compresionDeCeros="true">(1) 33 1 1 1 1 1 1 1 1 1 </linea>
			<linea fila="48" compresionDeCeros="true">(1) 47 1 1 1 1 1 1 1 1 1 </linea>
			<linea fila="47" compresionDeCeros="true">(1) 50 1 1 1 1 1 1 1 1 1 </linea>
			<linea fila="46" compresionDeCeros="true">(1) 95 1 1 1 1 1 1 1 1 1 </linea>
			<linea fila="45" compresionDeCeros="true">(1) 70 1 1 1 1 1 1 1 1 1 </linea>
			<linea fila="44" compresionDeCeros="true">(1) 3 1 1 1 1 1 1 1 1 1 </linea>
			<linea fila="43" compresionDeCeros="true">(1) 89 1 1 1 1 1 1 1 1 1 </linea>
			<linea fila="42" compresionDeCeros="true">(1) 74 1 1 1 1 1 1 1 1 1 </linea>
			<linea fila="41" compresionDeCeros="true">(1) 13 1 1 1 1 1 1 1 1 1 </linea>
			<linea fila="40" compresionDeCeros="true">(1) 28 1 1 1 1 1 1 1 1 1 </linea>
			<linea fila="39" compresionDeCeros="true">(1) 49 1 1 1 1 1 1 1 1 1 </linea>
			<linea fila="38" compresionDeCeros="true">(1) 38 1 1 1 1 1 1 1 1 1 </linea>
			<linea fila="37" compresionDeCeros="true">(1) 19 1 1 1 1 1 1 1 1 1 </linea>
			<linea fila="36" compresionDeCeros="true">(1) 94 1 1 1 1 1 1 1 1 1 </linea>
			<linea fila="35" compresionDeCeros="true">(1) 72 1 1 1 1 1 1 1 1 1 </linea>
			<linea fila="34" compresionDeCeros="true">(1) 82 1 1 1 1 1 1 1 1 1 </linea>
			<linea fila="33" compresionDeCeros="true">(1) 45 1 1 1 1 1 1 1 1 1 </linea>
			<linea fila="32" compresionDeCeros="true">(1) 42 1 1 1 1 1 1 1 1 1 </linea>
			<linea fila="31" compresionDeCeros="true">(1) 50 1 1 1 1 1 1 1 1 1 </linea>
			<linea fila="30" compresionDeCeros="true">(1) 34 1 1 1 1 1 1 1 1 1 </linea>
			<linea fila="29" compresionDeCeros="true">(1) 82 1 1 1 1 1 1 1 1 1 </linea>
			<linea fila="28" compresionDeCeros="true">(1) 12 1 1 1 1 1 1 1 1 1 </linea>
			<linea fila="27" compresionDeCeros="true">(1) 83 1 1 1 1 1 1 1 1 1 </linea>
			<linea fila="26" compresionDeCeros="true">(1) 55 1 1 1 1 1 1 1 1 1 </linea>
			<linea fila="25" compresionDeCeros="true">(1) 29 1 1 1 1 1 1 1 1 1 </linea>
			<linea fila="24" compresionDeCeros="true">(1) 77 1 1 1 1 1 1 1 1 1 </linea>
			<linea fila="23" compresionDeCeros="true">(1) 29 1 1 1 1 1 1 1 1 1 </linea>
			<linea fila="22" compresionDeCeros="true">(1) 98 1 1 1 1 1 1 1 1 1 </linea>
			<linea fila="21" compresionDeCeros="true">(1) 74 1 1 1 1 1 1 1 1 1 </linea>
			<linea fila="20" compresionDeCeros="true">(1) 21 1 1 1 1 1 1 1 1 1 </linea>
			<linea fila="19" compresionDeCeros="true">(1) 49 1 1 1 1 1 1 1 1 1 </linea>
			<linea fila="18" compresionDeCeros="true">(1) 96 1 1 1 1 1 1 1 1 1 </linea>
			<linea fila="17" compresionDeCeros="true">(1) 37 1 1 1 1 1 1 1 1 1 </linea>
			<linea fila="16" compresionDeCeros="true">(1) 4 1 1 1 1 1 1 1 1 1 </linea>
			<linea fila="15" compresionDeCeros="true">(1) 32 1 1 1 1 1 1 1 1 1 </linea>
			<linea fila="14" compresionDeCeros="true">(1) 98 1 1 1 1 1 1 1 1 1 </linea>
			<linea fila="13" compresionDeCeros="true">(1) 66 1 1 1 1 1 1 1 1 1 </linea>
			<linea fila="12" compresionDeCeros="true">(1) 88 1 1 1 1 1 1 1 1 1 </linea>
			<linea fila="11" compresionDeCeros="true">(1) 21 1 1 1 1 1 1 1 1 1 </linea>
			<linea fila="10" compresionDeCeros="true">(1) 9 1 1 1 1 1 1 1 1 1 </linea>
			<linea fila="9" compresionDeCeros="true">(1) 8 1 1 1 1 1 1 1 1 1 </linea>
			<linea fila="8" compresionDeCeros="true">(1) 7 1 1 1 1 1 1 1 1 1 </linea>
			<linea fila="7" compresionDeCeros="true">(1) 6 1 1 1 1 1 1 1 1 1 </linea>
			<linea fila="6" compresionDeCeros="true">(1) 5 1 1 1 1 1 1 1 1 1 </linea>
			<linea fila="5" compresionDeCeros="true">(1) 4 1 1 1 1 1 1 1 1 1 </linea>
			<linea fila="4" compresionDeCeros="true">(1) 3 1 1 1 1 1 1 1 1 1 </linea>
			<linea fila="3" compresionDeCeros="true">(1) 2 1 1 1 1 1 1 1 1 1 </linea>
			<linea fila="2" compresionDeCeros="true">(1) 1 1 1 1 1 1 1 1 1 1 </linea>
			<linea fila="1" compresionDeCeros="true">(2) 1 1 1 1 1 1 1 1 1 </linea>
		</mundo>
	</mundos>
	<programas>
		<programa nombre="p1" resultadoEjecucion="FIN PROGRAMA"/>
	</programas>
</resultados>

