<resultados>
	<mundos>
		<mundo nombre="mundo_0">
			<linea fila="50" compresionDeCeros="true">(1) 10 2 1 1 1 2 1 1 1 10 </linea>
			<linea fila="49" compresionDeCeros="true">(1) 8 8 1 1 1 2 1 1 1 2 </linea>
			<linea fila="48" compresionDeCeros="true">(1) 39 1 3 1 1 13 3 3 3 3 </linea>
			<linea fila="47" compresionDeCeros="true">(1) 3 1 3 1 1 1 3 3 3 3 </linea>
			<linea fila="46" compresionDeCeros="true">(1) 36 4 9 1 1 2 9 3 3 6 </linea>
			<linea fila="45" compresionDeCeros="true">(1) 13 1 1 1 1 13 1 1 1 1 </linea>
			<linea fila="44" compresionDeCeros="true">(1) 14 2 1 1 1 2 1 7 7 2 </linea>
			<linea fila="43" compresionDeCeros="true">(1) 30 2 3 1 1 2 3 3 3 30 </linea>
			<linea fila="42" compresionDeCeros="true">(1) 21 1 3 1 1 1 3 21 21 3 </linea>
			<linea fila="41" compresionDeCeros="true">(1) 28 4 1 1 1 2 1 7 7 2 </linea>
			<linea fila="40" compresionDeCeros="true">(1) 39 1 3 1 1 13 3 3 3 3 </linea>
			<linea fila="39" compresionDeCeros="true">(1) 8 8 1 1 1 2 1 1 1 2 </linea>
			<linea fila="38" compresionDeCeros="true">(1) 48 16 3 1 1 2 3 3 3 6 </linea>
			<linea fila="37" compresionDeCeros="true">(1) 39 1 3 1 1 13 3 3 3 3 </linea>
			<linea fila="36" compresionDeCeros="true">(1) 17 1 1 1 1 1 1 1 1 1 </linea>
			<linea fila="35" compresionDeCeros="true">(1) 37 1 1 1 37 1 1 1 1 1 </linea>
			<linea fila="34" compresionDeCeros="true">(1) 4 4 1 1 1 2 1 1 1 2 </linea>
			<linea fila="33" compresionDeCeros="true">(1) 28 4 1 1 1 2 1 7 7 2 </linea>
			<linea fila="32" compresionDeCeros="true">(1) 22 2 1 1 1 2 1 1 1 2 </linea>
			<linea fila="31" compresionDeCeros="true">(1) 39 1 3 1 1 13 3 3 3 3 </linea>
			<linea fila="30" compresionDeCeros="true">(1) 40 8 1 1 1 2 1 1 1 10 </linea>
			<linea fila="29" compresionDeCeros="true">(1) 4 4 1 1 1 2 1 1 1 2 </linea>
			<linea fila="28" compresionDeCeros="true">(1) 42 2 3 1 1 2 3 21 21 6 </linea>
			<linea fila="27" compresionDeCeros="true">(1) 30 2 3 1 1 2 3 3 3 30 </linea>
			<linea fila="26" compresionDeCeros="true">(1) 15 1 3 1 1 1 3 3 3 15 </linea>
			<linea fila="25" compresionDeCeros="true">(1) 27 1 27 1 1 1 27 3 3 3 </linea>
			<linea fila="24" compresionDeCeros="true">(1) 45 1 9 1 1 1 9 3 3 15 </linea>
			<linea fila="23" compresionDeCeros="true">(1) 4 4 1 1 1 2 1 1 1 2 </linea>
			<linea fila="22" compresionDeCeros="true">(1) 36 4 9 1 1 2 9 3 3 6 </linea>
			<linea fila="21" compresionDeCeros="true">(1) 3 1 3 1 1 1 3 3 3 3 </linea>
			<linea fila="20" compresionDeCeros="true">(1) 48 16 3 1 1 2 3 3 3 6 </linea>
			<linea fila="19" compresionDeCeros="true">(1) 47 1 1 1 1 1 1 1 1 1 </linea>
			<linea fila="18" compresionDeCeros="true">(1) 7 1 1 1 1 1 1 7 7 1 </linea>
			<linea fila="17" compresionDeCeros="true">(1) 9 1 9 1 1 1 9 3 3 3 </linea>
			<linea fila="16" compresionDeCeros="true">(1) 33 1 3 1 1 1 3 3 3 3 </linea>
			<linea fila="15" compresionDeCeros="true">(1) 48 16 3 1 1 2 3 3 3 6 </linea>
			<linea fila="14" compresionDeCeros="true">(1) 19 1 1 1 1 1 1 1 1 1 </linea>
			<linea fila="13" compresionDeCeros="true">(1) 33 1 3 1 1 1 3 3 3 3 </linea>
			<linea fila="12" compresionDeCeros="true">(1) 26 2 1 1 1 26 1 1 1 2 </linea>
			<linea fila="11" compresionDeCeros="true">(1) 18 2 9 1 1 2 9 3 3 6 </linea>
			<linea fila="10" compresionDeCeros="true">(1) 25 1 1 1 1 1 1 1 1 5 </linea>
			<linea fila="9" compresionDeCeros="true">(1) 21 1 3 1 1 1 3 21 21 3 </linea>
			<linea fila="8" compresionDeCeros="true">(1) 39 1 3 1 1 13 3 3 3 3 </linea>
			<linea fila="7" compresionDeCeros="true">(1) 14 2 1 1 1 2 1 7 7 2 </linea>
			<linea fila="6" compresionDeCeros="true">(1) 12 4 3 1 1 2 3 3 3 6 </linea>
			<linea fila="5" compresionDeCeros="true">(1) 50 2 1 1 1 2 1 1 1 10 </linea>
			<linea fila="4" compresionDeCeros="true">(1) 25 1 1 1 1 1 1 1 1 5 </linea>
			<linea fila="3" compresionDeCeros="true">(1) 19 1 1 1 1 1 1 1 1 1 </linea>
			<linea fila="2" compresionDeCeros="true">(1) 21 1 3 1 1 1 3 21 21 3 </linea>
			<linea fila="1" compresionDeCeros="true">(2) 32 27 29 37 26 27 21 21 30 </linea>
		</mundo>
	</mundos>
	<programas>
		<programa nombre="p1" resultadoEjecucion="FIN PROGRAMA"/>
	</programas>
</resultados>

