<resultados>
	<mundos>
		<mundo nombre="mundo_0">
			<linea fila="14" compresionDeCeros="true">(63) 1 </linea>
			<linea fila="13" compresionDeCeros="true">(63) 1 </linea>
			<linea fila="12" compresionDeCeros="true">(63) 1 </linea>
			<linea fila="11" compresionDeCeros="true">(63) 1 </linea>
			<linea fila="10" compresionDeCeros="true">(63) 1 </linea>
			<linea fila="9" compresionDeCeros="true">(63) 1 </linea>
			<linea fila="8" compresionDeCeros="true">(63) 1 </linea>
			<linea fila="7" compresionDeCeros="true">(63) 1 (76) 1 (84) 1 </linea>
			<linea fila="6" compresionDeCeros="true">(33) 1 (63) 1 (70) 1 (76) 1 (83) 1 1 </linea>
			<linea fila="5" compresionDeCeros="true">(33) 1 (49) 1 (63) 1 (70) 1 (76) 1 (83) 1 1 </linea>
			<linea fila="4" compresionDeCeros="true">(12) 1 (33) 1 (49) 1 (53) 1 (57) 1 (63) 1 (70) 1 (76) 1 (83) 1 1 (93) 1 </linea>
			<linea fila="3" compresionDeCeros="true">(12) 1 (33) 1 (44) 1 (49) 1 (53) 1 (57) 1 (63) 1 (70) 1 (76) 1 (83) 1 1 (93) 1 </linea>
			<linea fila="2" compresionDeCeros="true">(12) 1 (18) 1 (33) 1 (44) 1 (49) 1 (52) 1 1 (57) 1 (63) 1 (70) 1 (75) 1 1 (83) 1 1 (87) 1 (93) 1 </linea>
			<linea fila="1" compresionDeCeros="true">(12) 1 (18) 1 (33) 1 1 (44) 1 (49) 1 (52) 1 1 (57) 1 (63) 1 (66) 1 (70) 1 (75) 1 1 (83) 1 1 (87) 1 (93) 1 </linea>
		</mundo>
	</mundos>
	<programas>
		<programa nombre="p1" resultadoEjecucion="FIN PROGRAMA"/>
	</programas>
</resultados>