<resultados>
	<mundos>
		<mundo nombre="mundo_0">
			<linea fila="23" compresionDeCeros="true">(34) 1 </linea>
			<linea fila="22" compresionDeCeros="true">(34) 1 </linea>
			<linea fila="21" compresionDeCeros="true">(34) 1 </linea>
			<linea fila="20" compresionDeCeros="true">(34) 1 </linea>
			<linea fila="19" compresionDeCeros="true">(34) 1 </linea>
			<linea fila="18" compresionDeCeros="true">(34) 1 </linea>
			<linea fila="17" compresionDeCeros="true">(34) 1 </linea>
			<linea fila="16" compresionDeCeros="true">(34) 1 </linea>
			<linea fila="15" compresionDeCeros="true">(34) 1 </linea>
			<linea fila="14" compresionDeCeros="true">(34) 1 </linea>
			<linea fila="13" compresionDeCeros="true">(34) 1 </linea>
			<linea fila="12" compresionDeCeros="true">(34) 1 </linea>
			<linea fila="11" compresionDeCeros="true">(34) 1 1 </linea>
			<linea fila="10" compresionDeCeros="true">(24) 1 (34) 1 1 </linea>
			<linea fila="9" compresionDeCeros="true">(24) 1 (34) 1 1 </linea>
			<linea fila="8" compresionDeCeros="true">(24) 1 (34) 1 1 </linea>
			<linea fila="7" compresionDeCeros="true">(24) 1 (34) 1 1 </linea>
			<linea fila="6" compresionDeCeros="true">(21) 1 (24) 1 (34) 1 1 (74) 1 </linea>
			<linea fila="5" compresionDeCeros="true">(21) 1 (24) 1 (34) 1 1 (37) 1 (74) 1 (90) 1 </linea>
			<linea fila="4" compresionDeCeros="true">(21) 1 (24) 1 (34) 1 1 (37) 1 (74) 1 (90) 1 </linea>
			<linea fila="3" compresionDeCeros="true">(5) 1 (19) 1 (21) 1 (24) 1 (34) 1 1 (37) 1 (45) 1 (48) 1 (55) 1 1 (74) 1 (80) 1 (90) 1 </linea>
			<linea fila="2" compresionDeCeros="true">(4) 1 1 (19) 1 (21) 1 (24) 1 (33) 1 1 1 (37) 1 (45) 1 (48) 1 (55) 1 1 (74) 1 (80) 1 (86) 1 (90) 1 (93) 1 </linea>
			<linea fila="1" compresionDeCeros="true">(4) 1 1 (12) 1 (19) 1 (21) 1 (24) 1 (33) 1 1 1 (37) 1 (45) 1 (48) 1 (55) 1 1 (58) 1 (61) 1 (66) 1 (74) 1 (80) 1 (86) 1 (89) 1 1 (93) 1 </linea>
		</mundo>
	</mundos>
	<programas>
		<programa nombre="p1" resultadoEjecucion="FIN PROGRAMA"/>
	</programas>
</resultados>