<resultados>
	<mundos>
		<mundo nombre="mundo_0">
			<linea fila="27" compresionDeCeros="true">(79) 1 </linea>
			<linea fila="26" compresionDeCeros="true">(79) 1 </linea>
			<linea fila="25" compresionDeCeros="true">(79) 1 </linea>
			<linea fila="24" compresionDeCeros="true">(79) 1 </linea>
			<linea fila="23" compresionDeCeros="true">(79) 1 </linea>
			<linea fila="22" compresionDeCeros="true">(79) 1 </linea>
			<linea fila="21" compresionDeCeros="true">(79) 1 </linea>
			<linea fila="20" compresionDeCeros="true">(79) 1 </linea>
			<linea fila="19" compresionDeCeros="true">(79) 1 </linea>
			<linea fila="18" compresionDeCeros="true">(79) 1 </linea>
			<linea fila="17" compresionDeCeros="true">(79) 1 </linea>
			<linea fila="16" compresionDeCeros="true">(79) 1 </linea>
			<linea fila="15" compresionDeCeros="true">(79) 1 </linea>
			<linea fila="14" compresionDeCeros="true">(79) 1 </linea>
			<linea fila="13" compresionDeCeros="true">(65) 1 (79) 1 </linea>
			<linea fila="12" compresionDeCeros="true">(65) 1 (79) 1 </linea>
			<linea fila="11" compresionDeCeros="true">(65) 1 (79) 1 </linea>
			<linea fila="10" compresionDeCeros="true">(27) 1 (65) 1 (79) 1 </linea>
			<linea fila="9" compresionDeCeros="true">(27) 1 (65) 1 (79) 1 </linea>
			<linea fila="8" compresionDeCeros="true">(27) 1 (65) 1 (79) 1 </linea>
			<linea fila="7" compresionDeCeros="true">(10) 1 (27) 1 (65) 1 (79) 1 </linea>
			<linea fila="6" compresionDeCeros="true">(10) 1 (27) 1 (59) 1 (65) 1 (79) 1 </linea>
			<linea fila="5" compresionDeCeros="true">(6) 1 (10) 1 (27) 1 (59) 1 (65) 1 (79) 1 </linea>
			<linea fila="4" compresionDeCeros="true">(6) 1 (10) 1 1 (24) 1 (27) 1 (59) 1 (63) 1 (65) 1 (74) 1 (79) 1 </linea>
			<linea fila="3" compresionDeCeros="true">(6) 1 (10) 1 1 (24) 1 (26) 1 1 (50) 1 (59) 1 (63) 1 (65) 1 (74) 1 (79) 1 (82) 1 </linea>
			<linea fila="2" compresionDeCeros="true">(6) 1 (10) 1 1 (24) 1 (26) 1 1 (50) 1 (56) 1 (59) 1 (63) 1 (65) 1 (73) 1 1 (79) 1 (82) 1 </linea>
			<linea fila="1" compresionDeCeros="true">(6) 1 (10) 1 1 (24) 1 (26) 1 1 (42) 1 (50) 1 (56) 1 (59) 1 (63) 1 (65) 1 (67) 1 (72) 1 1 1 (79) 1 (82) 1 </linea>
		</mundo>
	</mundos>
	<programas>
		<programa nombre="p1" resultadoEjecucion="FIN PROGRAMA"/>
	</programas>
</resultados>